Log file open, 01/23/19 13:17:01
LogWindows: Failed to load 'aqProf.dll' (GetLastError=126)
LogWindows: File 'aqProf.dll' does not exist
LogWindows: Failed to load 'VtuneApi.dll' (GetLastError=126)
LogWindows: File 'VtuneApi.dll' does not exist
LogWindows: Failed to load 'VtuneApi32e.dll' (GetLastError=126)
LogWindows: File 'VtuneApi32e.dll' does not exist
LogInit: Display: Running engine for game: LG_whiteboxinclass
LogPlatformFile: Not using cached read wrapper
LogTaskGraph: Started task graph with 5 named threads and 23 total threads with 3 sets of task threads.
LogStats: Stats thread started at 1.003250
LogD3D11RHI: Loaded GFSDK_Aftermath_Lib.x64.dll
LogICUInternationalization: Display: ICU TimeZone Detection - Raw Offset: -7:00, Platform Override: ''
LogPluginManager: Mounting plugin Paper2D
LogPluginManager: Mounting plugin AISupport
LogPluginManager: Mounting plugin LightPropagationVolume
LogPluginManager: Mounting plugin CLionSourceCodeAccess
LogPluginManager: Mounting plugin CodeLiteSourceCodeAccess
LogPluginManager: Mounting plugin GitSourceControl
LogPluginManager: Mounting plugin KDevelopSourceCodeAccess
LogPluginManager: Mounting plugin NullSourceCodeAccess
LogPluginManager: Mounting plugin PerforceSourceControl
LogPluginManager: Mounting plugin SubversionSourceControl
LogPluginManager: Mounting plugin UObjectPlugin
LogPluginManager: Mounting plugin VisualStudioCodeSourceCodeAccess
LogPluginManager: Mounting plugin VisualStudioSourceCodeAccess
LogPluginManager: Mounting plugin XCodeSourceCodeAccess
LogPluginManager: Mounting plugin AssetManagerEditor
LogPluginManager: Mounting plugin CryptoKeys
LogPluginManager: Mounting plugin DataValidation
LogPluginManager: Mounting plugin FacialAnimation
LogPluginManager: Mounting plugin GameplayTagsEditor
LogPluginManager: Mounting plugin MacGraphicsSwitching
LogPluginManager: Mounting plugin MeshEditor
LogPluginManager: Mounting plugin MobileLauncherProfileWizard
LogPluginManager: Mounting plugin PluginBrowser
LogPluginManager: Mounting plugin SpeedTreeImporter
LogPluginManager: Mounting plugin DatasmithContent
LogPluginManager: Mounting plugin AlembicImporter
LogPluginManager: Mounting plugin AppleImageUtils
LogPluginManager: Mounting plugin AppleVision
LogPluginManager: Mounting plugin BackChannel
LogPluginManager: Mounting plugin CharacterAI
LogPluginManager: Mounting plugin GeometryCache
LogPluginManager: Mounting plugin HTML5Networking
LogPluginManager: Mounting plugin ProxyLODPlugin
LogPluginManager: Mounting plugin MagicLeap
LogPluginManager: Mounting plugin MagicLeapEmulator
LogPluginManager: Mounting plugin MagicLeapMedia
LogPluginManager: Mounting plugin AndroidMedia
LogPluginManager: Mounting plugin AvfMedia
LogPluginManager: Mounting plugin ImgMedia
LogPluginManager: Mounting plugin LinearTimecode
LogPluginManager: Mounting plugin MediaCompositing
LogPluginManager: Mounting plugin MediaPlayerEditor
LogPluginManager: Mounting plugin WmfMedia
LogPluginManager: Mounting plugin TcpMessaging
LogPluginManager: Mounting plugin UdpMessaging
LogPluginManager: Mounting plugin ActorSequence
LogPluginManager: Mounting plugin LevelSequenceEditor
LogPluginManager: Mounting plugin MatineeToLevelSequence
LogPluginManager: Mounting plugin NetcodeUnitTest
LogPluginManager: Mounting plugin NUTUnrealEngine4
LogPluginManager: Mounting plugin OnlineSubsystemGooglePlay
LogPluginManager: Mounting plugin OnlineSubsystemIOS
LogPluginManager: Mounting plugin OnlineSubsystem
LogPluginManager: Mounting plugin OnlineSubsystemNull
LogPluginManager: Mounting plugin OnlineSubsystemUtils
LogPluginManager: Mounting plugin LauncherChunkInstaller
LogPluginManager: Mounting plugin AndroidDeviceProfileSelector
LogPluginManager: Mounting plugin AndroidMoviePlayer
LogPluginManager: Mounting plugin AndroidPermission
LogPluginManager: Mounting plugin AppleMoviePlayer
LogPluginManager: Mounting plugin ArchVisCharacter
LogPluginManager: Mounting plugin AudioCapture
LogPluginManager: Mounting plugin CableComponent
LogPluginManager: Mounting plugin CustomMeshComponent
LogPluginManager: Mounting plugin EditableMesh
LogPluginManager: Mounting plugin ExampleDeviceProfileSelector
LogPluginManager: Mounting plugin GoogleCloudMessaging
LogPluginManager: Mounting plugin ImmediatePhysics
LogPluginManager: Mounting plugin IOSDeviceProfileSelector
LogPluginManager: Mounting plugin LinuxDeviceProfileSelector
LogPluginManager: Mounting plugin LocationServicesBPLibrary
LogPluginManager: Mounting plugin MobilePatchingUtils
LogPluginManager: Mounting plugin OculusVR
LogPluginManager: Plugin shader directory ../../../Engine/Plugins/Runtime/Oculus/OculusVR/Shaders found
LogPluginManager: Mapping shader source directory ../../../Engine/Plugins/Runtime/Oculus/OculusVR/Shaders to virtual directory /Plugin/OculusVR
LogPluginManager: Mounting plugin PhysXVehicles
LogPluginManager: Mounting plugin ProceduralMeshComponent
LogPluginManager: Mounting plugin RuntimePhysXCooking
LogPluginManager: Mounting plugin SteamVR
LogPluginManager: Mounting plugin WindowsMoviePlayer
LogStreaming: Display: Took  0.109s to configure plugins.
LogInit: Using libcurl 7.55.1-DEV
LogInit:  - built for x86_64-pc-win32
LogInit:  - supports SSL with OpenSSL/1.0.2h
LogInit:  - supports HTTP deflate (compression) using libz 1.2.8
LogInit:  - other features:
LogInit:      CURL_VERSION_SSL
LogInit:      CURL_VERSION_LIBZ
LogInit:      CURL_VERSION_IPV6
LogInit:      CURL_VERSION_ASYNCHDNS
LogInit:      CURL_VERSION_LARGEFILE
LogInit:      CURL_VERSION_IDN
LogInit:  CurlRequestOptions (configurable via config and command line):
LogInit:  - bVerifyPeer = false  - Libcurl will NOT verify peer certificate
LogInit:  - bUseHttpProxy = false  - Libcurl will NOT use HTTP proxy
LogInit:  - bDontReuseConnections = false  - Libcurl will reuse connections
LogInit:  - CertBundlePath = nullptr  - Libcurl will use whatever was configured at build time.
LogInit:  - MaxHostConnections = 16  - Libcurl will limit the number of connections to a host
LogInit:  - LocalHostAddr = Default
LogInit:  - BufferSize = 65536
LogInit: WinSock: version 1.1 (2.2), MaxSocks=32767, MaxUdp=65467
LogInit: Build: ++UE4+Release-4.20-CL-4369336
LogInit: Engine Version: 4.20.3-4369336+++UE4+Release-4.20
LogInit: Compatible Engine Version: 4.20.0-4212847+++UE4+Release-4.20
LogInit: Net CL: 4212847
LogInit: OS: Windows 10 (), CPU: Intel(R) Core(TM) i7-8809G CPU @ 3.10GHz, GPU: Radeon RX Vega M GH Graphics
LogInit: Compiled (64-bit): Sep 17 2018 12:26:19
LogInit: Compiled with Visual C++: 19.13.26129.00
LogInit: Build Configuration: Development
LogInit: Branch Name: ++UE4+Release-4.20
LogInit: Command Line:  
LogInit: Base Directory: C:/Program Files/Epic Games/UE_4.20/Engine/Binaries/Win64/
LogInit: Installed Engine Build: 1
LogDevObjectVersion: Number of dev versions registered: 20
LogDevObjectVersion:   Dev-Blueprints (B0D832E4-1F89-4F0D-ACCF-7EB736FD4AA2): 10
LogDevObjectVersion:   Dev-Build (E1C64328-A22C-4D53-A36C-8E866417BD8C): 0
LogDevObjectVersion:   Dev-Core (375EC13C-06E4-48FB-B500-84F0262A717E): 2
LogDevObjectVersion:   Dev-Editor (E4B068ED-F494-42E9-A231-DA0B2E46BB41): 24
LogDevObjectVersion:   Dev-Framework (CFFC743F-43B0-4480-9391-14DF171D2073): 34
LogDevObjectVersion:   Dev-Mobile (B02B49B5-BB20-44E9-A304-32B752E40360): 2
LogDevObjectVersion:   Dev-Networking (A4E4105C-59A1-49B5-A7C5-40C4547EDFEE): 0
LogDevObjectVersion:   Dev-Online (39C831C9-5AE6-47DC-9A44-9C173E1C8E7C): 0
LogDevObjectVersion:   Dev-Physics (78F01B33-EBEA-4F98-B9B4-84EACCB95AA2): 0
LogDevObjectVersion:   Dev-Platform (6631380F-2D4D-43E0-8009-CF276956A95A): 0
LogDevObjectVersion:   Dev-Rendering (12F88B9F-8875-4AFC-A67C-D90C383ABD29): 26
LogDevObjectVersion:   Dev-Sequencer (7B5AE74C-D270-4C10-A958-57980B212A5A): 9
LogDevObjectVersion:   Dev-VR (D7296918-1DD6-4BDD-9DE2-64A83CC13884): 2
LogDevObjectVersion:   Dev-LoadTimes (C2A15278-BFE7-4AFE-6C17-90FF531DF755): 1
LogDevObjectVersion:   Private-Geometry (6EACA3D4-40EC-4CC1-B786-8BED09428FC5): 3
LogDevObjectVersion:   Dev-AnimPhys (29E575DD-E0A3-4627-9D10-D276232CDCEA): 17
LogDevObjectVersion:   Dev-ReflectionCapture (6B266CEC-1EC7-4B8F-A30B-E4D90942FC07): 1
LogDevObjectVersion:   Dev-Automation (0DF73D61-A23F-47EA-B727-89E90C41499A): 1
LogDevObjectVersion:   FortniteMain (601D1886-AC64-4F84-AA16-D3DE0DEAC7D6): 12
LogDevObjectVersion:   Dev-Enterprise (9DFFBCD6-494F-0158-E221-12823C92A888): 1
LogStreaming: Display: Took  0.001s to delete old logs.
LogInit: Presizing for max 8388607 objects, including 0 objects not considered by GC, pre-allocating 0 bytes for permanent pool.
LogInit: Object subsystem initialized
[2019.01.23-20.17.02:475][  0]LogInit: Selected Device Profile: [Windows]
[2019.01.23-20.17.02:475][  0]LogInit: Applying CVar settings loaded from the selected device profile: [Windows]
[2019.01.23-20.17.02:490][  0]LogHAL: Display: Platform has ~ 16 GB [17095323648 / 17179869184 / 16], which maps to Larger [LargestMinGB=32, LargerMinGB=12, DefaultMinGB=8, SmallerMinGB=6, SmallestMinGB=0)
[2019.01.23-20.17.02:491][  0]LogInit: Setting Device Profile CVar: [[r.Vulkan.UseRealUBs:1]]
[2019.01.23-20.17.02:491][  0]LogInit: Going up to parent DeviceProfile []
[2019.01.23-20.17.02:497][  0]LogInit: Computer: eae-n-003
[2019.01.23-20.17.02:497][  0]LogInit: User: u1163227
[2019.01.23-20.17.02:497][  0]LogInit: CPU Page size=4096, Cores=4
[2019.01.23-20.17.02:497][  0]LogInit: High frequency timer resolution =3.023444 MHz
[2019.01.23-20.17.02:498][  0]LogMemory: Memory total: Physical=15.9GB (16GB approx)
[2019.01.23-20.17.02:498][  0]LogMemory: Platform Memory Stats for Windows
[2019.01.23-20.17.02:498][  0]LogMemory: Process Physical Memory: 100.32 MB used, 100.32 MB peak
[2019.01.23-20.17.02:498][  0]LogMemory: Process Virtual Memory: 84.40 MB used, 84.40 MB peak
[2019.01.23-20.17.02:498][  0]LogMemory: Physical Memory: 4339.27 MB used,  11964.10 MB free, 16303.37 MB total
[2019.01.23-20.17.02:498][  0]LogMemory: Virtual Memory: 4634.21 MB used,  11964.10 MB free, 134217728.00 MB total
[2019.01.23-20.17.02:715][  0]LogInit: Using OS detected language (en-US).
[2019.01.23-20.17.02:715][  0]LogInit: Using OS detected locale (en-US).
[2019.01.23-20.17.02:718][  0]LogTextLocalizationManager: No specific localization for 'en-US' exists, so the 'en' localization will be used.
[2019.01.23-20.17.03:104][  0]LogStreaming: Display: Took  0.388s to InitEngineTextLocalization.
[2019.01.23-20.17.03:105][  0]LogInit: Setting process to per monitor DPI aware
[2019.01.23-20.17.03:197][  0]LogSlate: New Slate User Created.  User Index 0, Is Virtual User: 0
[2019.01.23-20.17.03:197][  0]LogSlate: Slate User Registered.  User Index 0, Is Virtual User: 0
[2019.01.23-20.17.05:053][  0]LogHMD: Failed to initialize OpenVR with code 110
[2019.01.23-20.17.05:053][  0]LogD3D11RHI: D3D11 adapters:
[2019.01.23-20.17.05:116][  0]LogD3D11RHI:    0. 'Radeon RX Vega M GH Graphics' (Feature Level 11_0)
[2019.01.23-20.17.05:116][  0]LogD3D11RHI:       4042/0/8151 MB DedicatedVideo/DedicatedSystem/SharedSystem, Outputs:1, VendorId:0x1002
[2019.01.23-20.17.05:144][  0]LogD3D11RHI:    1. 'Intel(R) HD Graphics 630' (Feature Level 11_0)
[2019.01.23-20.17.05:144][  0]LogD3D11RHI:       128/0/8151 MB DedicatedVideo/DedicatedSystem/SharedSystem, Outputs:0, VendorId:0x8086
[2019.01.23-20.17.05:146][  0]LogD3D11RHI:    2. 'Microsoft Basic Render Driver' (Feature Level 11_0)
[2019.01.23-20.17.05:146][  0]LogD3D11RHI:       0/0/8151 MB DedicatedVideo/DedicatedSystem/SharedSystem, Outputs:0, VendorId:0x1414
[2019.01.23-20.17.05:146][  0]LogD3D11RHI: Chosen D3D11 Adapter: 0
[2019.01.23-20.17.05:154][  0]LogD3D11RHI: Creating new Direct3DDevice
[2019.01.23-20.17.05:154][  0]LogD3D11RHI:     GPU DeviceId: 0x694c (for the marketing name, search the web for "GPU Device Id")
[2019.01.23-20.17.05:154][  0]LogWindows: EnumDisplayDevices:
[2019.01.23-20.17.05:155][  0]LogWindows:    0. 'Radeon RX Vega M GH Graphics' (P:1 D:1)
[2019.01.23-20.17.05:155][  0]LogWindows:    1. 'Radeon RX Vega M GH Graphics' (P:0 D:0)
[2019.01.23-20.17.05:155][  0]LogWindows:    2. 'Radeon RX Vega M GH Graphics' (P:0 D:0)
[2019.01.23-20.17.05:155][  0]LogWindows:    3. 'Radeon RX Vega M GH Graphics' (P:0 D:0)
[2019.01.23-20.17.05:155][  0]LogWindows:    4. 'Radeon RX Vega M GH Graphics' (P:0 D:0)
[2019.01.23-20.17.05:156][  0]LogWindows:    5. 'Radeon RX Vega M GH Graphics' (P:0 D:0)
[2019.01.23-20.17.05:156][  0]LogWindows:    6. 'Radeon RX Vega M GH Graphics' (P:0 D:0)
[2019.01.23-20.17.05:156][  0]LogWindows:    7. 'Intel(R) HD Graphics 630' (P:0 D:0)
[2019.01.23-20.17.05:156][  0]LogWindows:    8. 'Intel(R) HD Graphics 630' (P:0 D:0)
[2019.01.23-20.17.05:156][  0]LogWindows: DebugString: PrimaryIsNotTheChoosenAdapter PrimaryIsNotTheChoosenAdapter FoundDriverCount:7 
[2019.01.23-20.17.05:156][  0]LogD3D11RHI:     Adapter Name: Radeon RX Vega M GH Graphics
[2019.01.23-20.17.05:156][  0]LogD3D11RHI:   Driver Version: Adrenalin 18.9.1 (internal:24.20.11026.2001, unified:24.20.11026.2001)
[2019.01.23-20.17.05:156][  0]LogD3D11RHI:      Driver Date: 8-30-2018
[2019.01.23-20.17.05:156][  0]LogRHI: Texture pool is 2829 MB (70% of 4042 MB)
[2019.01.23-20.17.05:270][  0]LogD3D11RHI: Async texture creation enabled
[2019.01.23-20.17.05:298][  0]LogD3D11RHI: GPU Timing Frequency: 25.000000 (Debug: 2 1)
[2019.01.23-20.17.05:303][  0]LogShaderCompilers: Guid format shader working directory is -41 characters bigger than the processId version (../../../../../../Users/u1163227/Documents/GitHub/LG_AssetPipeline/LG_whiteboxinclass 4.20/Intermediate/Shaders/WorkingDirectory/8428/).
[2019.01.23-20.17.05:303][  0]LogShaderCompilers: Cleaned the shader compiler working directory 'C:/Users/u1163227/AppData/Local/Temp/UnrealShaderWorkingDir/4C65A952498657F6903BCE9500B6DC0C/'.
[2019.01.23-20.17.05:777][  0]LogTemp: Display: Loaded TP AllDesktopTargetPlatform
[2019.01.23-20.17.05:791][  0]LogTemp: Display: Loaded TP MacClientTargetPlatform
[2019.01.23-20.17.05:804][  0]LogTemp: Display: Loaded TP MacNoEditorTargetPlatform
[2019.01.23-20.17.05:817][  0]LogTemp: Display: Loaded TP MacServerTargetPlatform
[2019.01.23-20.17.05:836][  0]LogTemp: Display: Loaded TP MacTargetPlatform
[2019.01.23-20.17.05:850][  0]LogTemp: Display: Loaded TP WindowsClientTargetPlatform
[2019.01.23-20.17.05:865][  0]LogTemp: Display: Loaded TP WindowsNoEditorTargetPlatform
[2019.01.23-20.17.05:879][  0]LogTemp: Display: Loaded TP WindowsServerTargetPlatform
[2019.01.23-20.17.05:887][  0]LogTemp: Display: Loaded TP WindowsTargetPlatform
[2019.01.23-20.17.05:961][  0]LogTemp: Display: Loaded TP AndroidTargetPlatform
[2019.01.23-20.17.05:961][  0]LogTemp: Display: Loaded TP AndroidTargetPlatform
[2019.01.23-20.17.05:961][  0]LogTemp: Display: Loaded TP AndroidTargetPlatform
[2019.01.23-20.17.05:961][  0]LogTemp: Display: Loaded TP AndroidTargetPlatform
[2019.01.23-20.17.05:961][  0]LogTemp: Display: Loaded TP AndroidTargetPlatform
[2019.01.23-20.17.05:961][  0]LogTemp: Display: Loaded TP AndroidTargetPlatform
[2019.01.23-20.17.05:961][  0]LogTemp: Display: Loaded TP AndroidTargetPlatform
[2019.01.23-20.17.05:961][  0]LogTemp: Display: Loaded TP AndroidTargetPlatform
[2019.01.23-20.17.05:961][  0]LogTemp: Display: Loaded TP AndroidTargetPlatform
[2019.01.23-20.17.05:961][  0]LogTemp: Display: Loaded TP AndroidTargetPlatform
[2019.01.23-20.17.05:961][  0]LogTemp: Display: Loaded TP AndroidTargetPlatform
[2019.01.23-20.17.05:961][  0]LogTemp: Display: Loaded TP AndroidTargetPlatform
[2019.01.23-20.17.05:961][  0]LogTemp: Display: Loaded TP AndroidTargetPlatform
[2019.01.23-20.17.05:961][  0]LogTemp: Display: Loaded TP AndroidTargetPlatform
[2019.01.23-20.17.05:961][  0]LogTemp: Display: Loaded TP AndroidTargetPlatform
[2019.01.23-20.17.05:961][  0]LogTemp: Display: Loaded TP AndroidTargetPlatform
[2019.01.23-20.17.05:961][  0]LogTemp: Display: Loaded TP AndroidTargetPlatform
[2019.01.23-20.17.05:961][  0]LogTemp: Display: Loaded TP AndroidTargetPlatform
[2019.01.23-20.17.05:966][  0]LogTemp: Display: Loaded TP HTML5TargetPlatform
[2019.01.23-20.17.06:039][  0]LogTemp: Display: Loaded TP IOSTargetPlatform
[2019.01.23-20.17.06:039][  0]LogTemp: Display: Loaded TP IOSTargetPlatform
[2019.01.23-20.17.06:059][  0]LogTemp: Display: Loaded TP TVOSTargetPlatform
[2019.01.23-20.17.06:059][  0]LogTemp: Display: Loaded TP TVOSTargetPlatform
[2019.01.23-20.17.06:073][  0]LogTemp: Display: Loaded TP LinuxClientTargetPlatform
[2019.01.23-20.17.06:086][  0]LogTemp: Display: Loaded TP LinuxNoEditorTargetPlatform
[2019.01.23-20.17.06:099][  0]LogTemp: Display: Loaded TP LinuxServerTargetPlatform
[2019.01.23-20.17.06:119][  0]LogTemp: Display: Loaded TP LinuxTargetPlatform
[2019.01.23-20.17.06:129][  0]LogTemp: Display: Loaded TP LuminTargetPlatform
[2019.01.23-20.17.06:130][  0]LogTargetPlatformManager: Display: Building Assets For Windows
[2019.01.23-20.17.06:301][  0]LogXGEController: Cleaning working directory: C:/Users/u1163227/AppData/Local/Temp/UnrealXGEWorkingDir/
[2019.01.23-20.17.06:301][  0]LogXGEController: Cannot use XGE Controller as Incredibuild is not installed on this machine.
[2019.01.23-20.17.06:301][  0]LogShaderCompilers: Cannot use XGE Shader Compiler as Incredibuild is not installed on this machine.
[2019.01.23-20.17.06:301][  0]LogShaderCompilers: Display: Using Local Shader Compiler.
[2019.01.23-20.17.07:946][  0]LogDerivedDataCache: Display: Max Cache Size: 512 MB
[2019.01.23-20.17.07:946][  0]LogDerivedDataCache: Display: Starting with empty Boot cache
[2019.01.23-20.17.07:947][  0]LogDerivedDataCache: FDerivedDataBackendGraph:  Pak pak cache file ../../../../../../Users/u1163227/Documents/GitHub/LG_AssetPipeline/LG_whiteboxinclass 4.20/DerivedDataCache/DDC.ddp not found, will not use a pak cache.
[2019.01.23-20.17.07:947][  0]LogDerivedDataCache: Unable to find inner node Pak for hierarchical cache Hierarchy.
[2019.01.23-20.17.07:947][  0]LogDerivedDataCache: FDerivedDataBackendGraph:  CompressedPak pak cache file ../../../../../../Users/u1163227/Documents/GitHub/LG_AssetPipeline/LG_whiteboxinclass 4.20/DerivedDataCache/Compressed.ddp not found, will not use a pak cache.
[2019.01.23-20.17.07:947][  0]LogDerivedDataCache: Unable to find inner node CompressedPak for hierarchical cache Hierarchy.
[2019.01.23-20.17.07:968][  0]LogDerivedDataCache: Display: Pak cache opened for reading ../../../Engine/DerivedDataCache/Compressed.ddp.
[2019.01.23-20.17.07:981][  0]LogDerivedDataCache: Using Local data cache path C:/Users/u1163227/AppData/Local/UnrealEngine/Common/DerivedDataCache: Writable
[2019.01.23-20.17.07:981][  0]LogDerivedDataCache: Shared data cache path not found in *engine.ini, will not use an Shared cache.
[2019.01.23-20.17.07:981][  0]LogDerivedDataCache: Unable to find inner node Shared for hierarchical cache Hierarchy.
[2019.01.23-20.17.08:026][  0]LogMaterial: Verifying Global Shaders for PCD3D_SM5
[2019.01.23-20.17.08:034][  0]LogSlate: Using FreeType 2.6.0
[2019.01.23-20.17.08:048][  0]LogSlate: SlateFontServices - WITH_FREETYPE: 1, WITH_HARFBUZZ: 1
[2019.01.23-20.17.08:326][  0]LogAssetRegistry: FAssetRegistry took 0.0299 seconds to start up
[2019.01.23-20.17.08:702][  0]LogInit: Selected Device Profile: [Windows]
[2019.01.23-20.17.09:088][  0]LogSimplygon: Simplygon DLL not present - disabling.
[2019.01.23-20.17.09:113][  0]LogMeshReduction: Using SimplygonSwarm for distributed automatic mesh merging
[2019.01.23-20.17.09:113][  0]LogMeshReduction: Using ProxyLODMeshReduction for automatic mesh merging
[2019.01.23-20.17.09:114][  0]LogMeshReduction: Using QuadricMeshReduction for automatic static mesh reduction
[2019.01.23-20.17.09:114][  0]LogMeshReduction: No automatic skeletal mesh reduction module available
[2019.01.23-20.17.09:184][  0]LogNetVersion: LG_whiteboxinclass 1.0.0, NetCL: 4212847, EngineNetVer: 5, GameNetVer: 0 (Checksum: 176428774)
[2019.01.23-20.17.10:572][  0]LogPackageLocalizationCache: Processed 11 localized package path(s) for 2 prioritized culture(s) in 0.109029 seconds
[2019.01.23-20.17.10:579][  0]LogUObjectArray: 38447 objects as part of root set at end of initial load.
[2019.01.23-20.17.10:579][  0]LogUObjectAllocator: 6692624 out of 0 bytes used by permanent object pool.
[2019.01.23-20.17.10:579][  0]LogUObjectArray: CloseDisregardForGC: 0/0 objects in disregard for GC pool
[2019.01.23-20.17.13:598][  0]LogTcpMessaging: Initializing TcpMessaging bridge
[2019.01.23-20.17.13:616][  0]LogUdpMessaging: Initializing bridge on interface 0.0.0.0:0 to multicast group 230.0.0.1:6666.
[2019.01.23-20.17.14:106][  0]SourceControl: Source control is disabled
[2019.01.23-20.17.14:106][  0]SourceControl: Source control is disabled
[2019.01.23-20.17.14:121][  0]SourceControl: Source control is disabled
[2019.01.23-20.17.14:127][  0]SourceControl: Source control is disabled
[2019.01.23-20.17.14:477][  0]LogAndroidPermission: UAndroidPermissionCallbackProxy::GetInstance
[2019.01.23-20.17.14:573][  0]LogOcInput: OculusInput pre-init called
[2019.01.23-20.17.14:680][  0]LogEngine: Initializing Engine...
[2019.01.23-20.17.14:683][  0]LogHMD: Failed to initialize OpenVR with code 110
[2019.01.23-20.17.14:686][  0]LogStats: UGameplayTagsManager::ConstructGameplayTagTree: ImportINI prefixes -  0.001 s
[2019.01.23-20.17.14:686][  0]LogStats: UGameplayTagsManager::ConstructGameplayTagTree: Construct from data asset -  0.000 s
[2019.01.23-20.17.14:686][  0]LogStats: UGameplayTagsManager::ConstructGameplayTagTree: ImportINI -  0.000 s
[2019.01.23-20.17.14:686][  0]LogStats: UGameplayTagsManager::ConstructGameplayTagTree: GameplayTagTreeChangedEvent.Broadcast -  0.000 s
[2019.01.23-20.17.15:052][  0]LogInit: Initializing FReadOnlyCVARCache
[2019.01.23-20.17.15:102][  0]LogAIModule: Creating AISystem for world Untitled
[2019.01.23-20.17.15:135][  0]LogInit: XAudio2 using '1 - CintiqPro24P (AMD High Definition Audio Device)' : 2 channels at 48 kHz using 16 bits per sample (channel mask 0x3)
[2019.01.23-20.17.15:173][  0]LogInit: FAudioDevice initialized.
[2019.01.23-20.17.15:173][  0]LogNetVersion: Set ProjectVersion to 1.0.0.0. Version Checksum will be recalculated on next use.
[2019.01.23-20.17.15:255][  0]LogDerivedDataCache: Saved boot cache 0.08s 87MB C:/Users/u1163227/AppData/Local/UnrealEngine/4.20/DerivedDataCache/Boot.ddc.
[2019.01.23-20.17.15:271][  0]LogInit: Texture streaming: Enabled
[2019.01.23-20.17.15:300][  0]LogEngineSessionManager: EngineSessionManager initialized
[2019.01.23-20.17.15:324][  0]LogInit: Transaction tracking system initialized
[2019.01.23-20.17.15:394][  0]BlueprintLog: New page: Editor Load
[2019.01.23-20.17.15:647][  0]LocalizationService: Localization service is disabled
[2019.01.23-20.17.16:049][  0]LogFileCache: Scanning file cache for directory 'C:/Users/u1163227/Documents/GitHub/LG_AssetPipeline/LG_whiteboxinclass 4.20/Content/' took 0.01s
[2019.01.23-20.17.16:049][  0]LogCook: Display: Max memory allowance for cook 16384mb min free memory 0mb
[2019.01.23-20.17.16:050][  0]LogCook: Display: Mobile HDR setting 1
[2019.01.23-20.17.16:050][  0]LogGameplayTags: Display: UGameplayTagsManager::DoneAddingNativeTags. DelegateIsBound: 0
[2019.01.23-20.17.16:051][  0]LogStats: UGameplayTagsManager::ConstructGameplayTagTree: ImportINI prefixes -  0.000 s
[2019.01.23-20.17.16:051][  0]LogStats: UGameplayTagsManager::ConstructGameplayTagTree: Construct from data asset -  0.000 s
[2019.01.23-20.17.16:051][  0]LogStats: UGameplayTagsManager::ConstructGameplayTagTree: ImportINI -  0.000 s
[2019.01.23-20.17.16:051][  0]LogStats: UGameplayTagsManager::ConstructGameplayTagTree: GameplayTagTreeChangedEvent.Broadcast -  0.000 s
[2019.01.23-20.17.16:370][  0]SourceControl: Source control is disabled
[2019.01.23-20.17.16:371][  0]Cmd: MAP LOAD FILE="../../../Engine/Content/Maps/Templates/Template_Default.umap" TEMPLATE=1 SHOWPROGRESS=1 FEATURELEVEL=3
[2019.01.23-20.17.16:372][  0]LightingResults: New page: Lighting Build
[2019.01.23-20.17.16:385][  0]MapCheck: New page: Map Check
[2019.01.23-20.17.16:385][  0]LightingResults: New page: Lighting Build
[2019.01.23-20.17.16:684][  0]LogAIModule: Creating AISystem for world Untitled_1
[2019.01.23-20.17.16:706][  0]LogEditorServer: Finished looking for orphan Actors (0.000 secs)
[2019.01.23-20.17.16:745][  0]Cmd: MAP CHECKDEP NOCLEARLOG
[2019.01.23-20.17.16:805][  0]MapCheck: Map check complete: 0 Error(s), 0 Warning(s), took 59.664ms to complete.
[2019.01.23-20.17.16:805][  0]LogFileHelpers: Loading map 'Template_Default' took 0.435
[2019.01.23-20.17.16:985][  0]LogSlate: Updating window title bar state: overlay mode, drag disabled, window buttons hidden, title bar hidden
[2019.01.23-20.17.16:991][  0]LogSlate: Updating window title bar state: overlay mode, drag disabled, window buttons hidden, title bar hidden
[2019.01.23-20.17.16:997][  0]LogSlate: Updating window title bar state: overlay mode, drag disabled, window buttons hidden, title bar hidden
[2019.01.23-20.17.17:001][  0]LogSlate: Updating window title bar state: overlay mode, drag disabled, window buttons hidden, title bar hidden
[2019.01.23-20.17.17:025][  0]LogCollectionManager: Loaded 0 collections in 0.001786 seconds
[2019.01.23-20.17.17:090][  0]LogFileCache: Scanning file cache for directory 'C:/Users/u1163227/Documents/GitHub/LG_AssetPipeline/LG_whiteboxinclass 4.20/Saved/Collections/' took 0.01s
[2019.01.23-20.17.17:091][  0]LogFileCache: Scanning file cache for directory 'C:/Users/u1163227/Documents/GitHub/LG_AssetPipeline/LG_whiteboxinclass 4.20/Content/Developers/u1163227/Collections/' took 0.01s
[2019.01.23-20.17.17:091][  0]LogFileCache: Scanning file cache for directory 'C:/Users/u1163227/Documents/GitHub/LG_AssetPipeline/LG_whiteboxinclass 4.20/Content/Collections/' took 0.01s
[2019.01.23-20.17.17:091][  0]LogCollectionManager: Rebuilt the GUID cache for 0 collections in 0.000000 seconds
[2019.01.23-20.17.17:101][  0]LogContentBrowser: Native class hierarchy populated in 0.0090 seconds. Added 2572 classes and 603 folders.
[2019.01.23-20.17.17:121][  0]LogContentBrowser: Native class hierarchy updated for 'WidgetCarousel' in 0.0002 seconds. Added 0 classes and 0 folders.
[2019.01.23-20.17.17:522][  0]LogContentBrowser: Native class hierarchy updated for 'AddContentDialog' in 0.0002 seconds. Added 0 classes and 0 folders.
[2019.01.23-20.17.17:541][  0]LogContentBrowser: Native class hierarchy updated for 'SceneOutliner' in 0.0002 seconds. Added 1 classes and 2 folders.
[2019.01.23-20.17.17:615][  0]LogSlate: Took 0.006361 seconds to synchronously load lazily loaded font '../../../Engine/Content/Slate/Fonts/Roboto-Regular.ttf' (155K)
[2019.01.23-20.17.17:622][  0]LogSlate: Took 0.005491 seconds to synchronously load lazily loaded font '../../../Engine/Content/Slate/Fonts/Roboto-Bold.ttf' (160K)
[2019.01.23-20.17.17:635][  0]LogSlate: Took 0.006097 seconds to synchronously load lazily loaded font '../../../Engine/Content/Editor/Slate/Fonts/FontAwesome.ttf' (139K)
[2019.01.23-20.17.17:748][  0]LogRenderer: Reallocating scene render targets to support 1208x576 Format 10 NumSamples 1 (Frame:1).
[2019.01.23-20.17.18:101][  0]LogSlate: FSceneViewport::OnFocusLost() reason 2
[2019.01.23-20.17.18:114][  0]LogSlate: Window 'Tutorials' being destroyed
[2019.01.23-20.17.18:155][  0]LogContentBrowser: Native class hierarchy updated for 'HierarchicalLODOutliner' in 0.0003 seconds. Added 0 classes and 0 folders.
[2019.01.23-20.17.18:155][  0]LogLoad: (Engine Initialization) Total time: 20.09 seconds
[2019.01.23-20.17.18:155][  0]LogLoad: (Engine Initialization) Total Blueprint compile time: 0.00 seconds
[2019.01.23-20.17.18:189][  0]LogContentStreaming: Texture pool size now 1000 MB
[2019.01.23-20.17.18:243][  1]LogAssetRegistry: Asset discovery search completed in 9.9405 seconds
[2019.01.23-20.17.18:244][  1]LogCollectionManager: Rebuilt the object cache for 0 collections in 0.000000 seconds (found 0 objects)
[2019.01.23-20.17.18:244][  1]LogCollectionManager: Fixed up redirectors for 0 collections in 0.000039 seconds (updated 0 objects)
[2019.01.23-20.17.21:390][367]LogSlate: FSceneViewport::OnFocusLost() reason 0
[2019.01.23-20.17.21:557][386]LogSlate: Took 0.006110 seconds to synchronously load lazily loaded font '../../../Engine/Content/Slate/Fonts/Roboto-Light.ttf' (167K)
[2019.01.23-20.17.21:737][386]LogTexture: Display: Building textures: LQ_Lightmap_0_2 (DXT1, 64X64)
[2019.01.23-20.17.21:737][386]LogTexture: Display: Building textures: HQ_Lightmap0_2 (AutoDXT, 64X64)
[2019.01.23-20.17.21:737][386]LogTexture: Display: Building textures: ShadowMapTexture2D_0 (G8, 128X128)
[2019.01.23-20.17.21:738][386]LogTexture: Display: Building textures: ShadowMapTexture2D_1 (G8, 32X32)
[2019.01.23-20.17.21:738][386]LogTexture: Display: Building textures: LQ_Lightmap_0_1 (DXT1, 256X256)
[2019.01.23-20.17.21:738][386]LogTexture: Display: Building textures: HQ_Lightmap0_1 (AutoDXT, 256X256)
[2019.01.23-20.17.21:784][386]LogMaterial: Display: Missing cached shader map for material M_wbox_LG, compiling. 
[2019.01.23-20.17.21:830][386]LogAIModule: Creating AISystem for world Block
[2019.01.23-20.17.21:856][386]LogShaderCompilers: Display: Shaders left to compile 22
[2019.01.23-20.17.21:856][386]LogShaderCompilers: Display: Shaders left to compile 12
[2019.01.23-20.17.21:856][386]LogShaderCompilers: Display: Shaders left to compile 2
[2019.01.23-20.17.21:909][386]LogAssetEditorManager: Opening Asset editor for World /Game/Block.Block
[2019.01.23-20.17.21:940][386]Cmd: MAP LOAD FILE="../../../../../../Users/u1163227/Documents/GitHub/LG_AssetPipeline/LG_whiteboxinclass 4.20/Content/Block.umap" TEMPLATE=0 SHOWPROGRESS=1 FEATURELEVEL=3
[2019.01.23-20.17.21:940][386]LightingResults: New page: Lighting Build
[2019.01.23-20.17.21:940][386]LoadErrors: New page: Loading map: Block.umap
[2019.01.23-20.17.21:941][386]MapCheck: New page: Map Check
[2019.01.23-20.17.21:941][386]LightingResults: New page: Lighting Build
[2019.01.23-20.17.21:994][386]LogEditorServer: Finished looking for orphan Actors (0.000 secs)
[2019.01.23-20.17.22:049][386]Cmd: MAP CHECKDEP NOCLEARLOG
[2019.01.23-20.17.22:114][386]MapCheck: Map check complete: 0 Error(s), 0 Warning(s), took 64.558ms to complete.
[2019.01.23-20.17.22:116][386]LogFileHelpers: Loading map 'Block' took 0.178
[2019.01.23-20.17.26:571][737]LogAIModule: Creating AISystem for world city_block
[2019.01.23-20.17.26:677][737]LogAssetEditorManager: Opening Asset editor for World /Game/city_block.city_block
[2019.01.23-20.17.26:702][737]Cmd: MAP LOAD FILE="../../../../../../Users/u1163227/Documents/GitHub/LG_AssetPipeline/LG_whiteboxinclass 4.20/Content/city_block.umap" TEMPLATE=0 SHOWPROGRESS=1 FEATURELEVEL=3
[2019.01.23-20.17.26:702][737]LightingResults: New page: Lighting Build
[2019.01.23-20.17.26:702][737]LoadErrors: New page: Loading map: city_block.umap
[2019.01.23-20.17.26:705][737]MapCheck: New page: Map Check
[2019.01.23-20.17.26:706][737]LightingResults: New page: Lighting Build
[2019.01.23-20.17.26:772][737]LogEditorServer: Finished looking for orphan Actors (0.000 secs)
[2019.01.23-20.17.26:831][737]Cmd: MAP CHECKDEP NOCLEARLOG
[2019.01.23-20.17.26:894][737]MapCheck: Map check complete: 0 Error(s), 0 Warning(s), took 62.894ms to complete.
[2019.01.23-20.17.26:896][737]LogFileHelpers: Loading map 'city_block' took 0.195
[2019.01.23-20.18.23:105][379]LogSlate: Took 0.022141 seconds to synchronously load lazily loaded font '../../../Engine/Content/Slate/Fonts/DroidSansFallback.ttf' (3848K)
[2019.01.23-20.25.17:620][703]Cmd: CAMERA ALIGN ACTIVEVIEWPORTONLY
[2019.01.23-20.33.23:444][991]Cmd: CAMERA ALIGN ACTIVEVIEWPORTONLY
[2019.01.23-20.33.30:527][432]Cmd: CAMERA ALIGN ACTIVEVIEWPORTONLY
[2019.01.23-20.34.05:072][646]LogSlate: FSceneViewport::OnFocusLost() reason 0
[2019.01.23-20.34.19:916][340]Cmd: CAMERA ALIGN ACTIVEVIEWPORTONLY
[2019.01.23-20.34.28:255][852]LogEditorViewport: Clicking on Actor (LMB): Brush (Cone Brush7)
[2019.01.23-20.35.45:754][147]LogSavePackage: Moving '../../../../../../Users/u1163227/Documents/GitHub/LG_AssetPipeline/LG_whiteboxinclass 4.20/Saved/city_block_Auto1E73B24C64978704AF8DE8CBFC57C09D3.tmp' to '../../../../../../Users/u1163227/Documents/GitHub/LG_AssetPipeline/LG_whiteboxinclass 4.20/Saved/Autosaves/Game/city_block_Auto1.umap'
[2019.01.23-20.35.45:761][147]LogFileHelpers: Editor autosave (incl. sublevels) for '/Game/city_block' took 1.976
[2019.01.23-20.35.45:761][147]LogFileHelpers: Editor autosave (incl. sublevels) for all levels took 1.976
