Log file open, 01/09/19 14:18:41
LogWindows: Failed to load 'aqProf.dll' (GetLastError=126)
LogWindows: File 'aqProf.dll' does not exist
LogWindows: Failed to load 'VtuneApi.dll' (GetLastError=126)
LogWindows: File 'VtuneApi.dll' does not exist
LogWindows: Failed to load 'VtuneApi32e.dll' (GetLastError=126)
LogWindows: File 'VtuneApi32e.dll' does not exist
LogInit: Display: Running engine for game: LG_AssetPipeline
LogPlatformFile: Not using cached read wrapper
LogTaskGraph: Started task graph with 5 named threads and 23 total threads with 3 sets of task threads.
LogStats: Stats thread started at 0.294602
LogD3D11RHI: Loaded GFSDK_Aftermath_Lib.x64.dll
LogICUInternationalization: Display: ICU TimeZone Detection - Raw Offset: -7:00, Platform Override: ''
LogPluginManager: Mounting plugin Paper2D
LogPluginManager: Mounting plugin AISupport
LogPluginManager: Mounting plugin LightPropagationVolume
LogPluginManager: Mounting plugin CLionSourceCodeAccess
LogPluginManager: Mounting plugin CodeLiteSourceCodeAccess
LogPluginManager: Mounting plugin GitSourceControl
LogPluginManager: Mounting plugin KDevelopSourceCodeAccess
LogPluginManager: Mounting plugin NullSourceCodeAccess
LogPluginManager: Mounting plugin PerforceSourceControl
LogPluginManager: Mounting plugin SubversionSourceControl
LogPluginManager: Mounting plugin UObjectPlugin
LogPluginManager: Mounting plugin VisualStudioCodeSourceCodeAccess
LogPluginManager: Mounting plugin VisualStudioSourceCodeAccess
LogPluginManager: Mounting plugin XCodeSourceCodeAccess
LogPluginManager: Mounting plugin AssetManagerEditor
LogPluginManager: Mounting plugin CryptoKeys
LogPluginManager: Mounting plugin DataValidation
LogPluginManager: Mounting plugin FacialAnimation
LogPluginManager: Mounting plugin GameplayTagsEditor
LogPluginManager: Mounting plugin MacGraphicsSwitching
LogPluginManager: Mounting plugin MeshEditor
LogPluginManager: Mounting plugin MobileLauncherProfileWizard
LogPluginManager: Mounting plugin PluginBrowser
LogPluginManager: Mounting plugin SpeedTreeImporter
LogPluginManager: Mounting plugin DatasmithContent
LogPluginManager: Mounting plugin AlembicImporter
LogPluginManager: Mounting plugin AppleImageUtils
LogPluginManager: Mounting plugin AppleVision
LogPluginManager: Mounting plugin BackChannel
LogPluginManager: Mounting plugin CharacterAI
LogPluginManager: Mounting plugin GeometryCache
LogPluginManager: Mounting plugin HTML5Networking
LogPluginManager: Mounting plugin ProxyLODPlugin
LogPluginManager: Mounting plugin MagicLeap
LogPluginManager: Mounting plugin MagicLeapEmulator
LogPluginManager: Mounting plugin MagicLeapMedia
LogPluginManager: Mounting plugin AndroidMedia
LogPluginManager: Mounting plugin AvfMedia
LogPluginManager: Mounting plugin ImgMedia
LogPluginManager: Mounting plugin LinearTimecode
LogPluginManager: Mounting plugin MediaCompositing
LogPluginManager: Mounting plugin MediaPlayerEditor
LogPluginManager: Mounting plugin WmfMedia
LogPluginManager: Mounting plugin TcpMessaging
LogPluginManager: Mounting plugin UdpMessaging
LogPluginManager: Mounting plugin ActorSequence
LogPluginManager: Mounting plugin LevelSequenceEditor
LogPluginManager: Mounting plugin MatineeToLevelSequence
LogPluginManager: Mounting plugin NetcodeUnitTest
LogPluginManager: Mounting plugin NUTUnrealEngine4
LogPluginManager: Mounting plugin OnlineSubsystemGooglePlay
LogPluginManager: Mounting plugin OnlineSubsystemIOS
LogPluginManager: Mounting plugin OnlineSubsystem
LogPluginManager: Mounting plugin OnlineSubsystemNull
LogPluginManager: Mounting plugin OnlineSubsystemUtils
LogPluginManager: Mounting plugin LauncherChunkInstaller
LogPluginManager: Mounting plugin AndroidDeviceProfileSelector
LogPluginManager: Mounting plugin AndroidMoviePlayer
LogPluginManager: Mounting plugin AndroidPermission
LogPluginManager: Mounting plugin AppleMoviePlayer
LogPluginManager: Mounting plugin ArchVisCharacter
LogPluginManager: Mounting plugin AudioCapture
LogPluginManager: Mounting plugin CableComponent
LogPluginManager: Mounting plugin CustomMeshComponent
LogPluginManager: Mounting plugin EditableMesh
LogPluginManager: Mounting plugin ExampleDeviceProfileSelector
LogPluginManager: Mounting plugin GoogleCloudMessaging
LogPluginManager: Mounting plugin ImmediatePhysics
LogPluginManager: Mounting plugin IOSDeviceProfileSelector
LogPluginManager: Mounting plugin LinuxDeviceProfileSelector
LogPluginManager: Mounting plugin LocationServicesBPLibrary
LogPluginManager: Mounting plugin MobilePatchingUtils
LogPluginManager: Mounting plugin OculusVR
LogPluginManager: Plugin shader directory ../../../Engine/Plugins/Runtime/Oculus/OculusVR/Shaders found
LogPluginManager: Mapping shader source directory ../../../Engine/Plugins/Runtime/Oculus/OculusVR/Shaders to virtual directory /Plugin/OculusVR
LogPluginManager: Mounting plugin PhysXVehicles
LogPluginManager: Mounting plugin ProceduralMeshComponent
LogPluginManager: Mounting plugin RuntimePhysXCooking
LogPluginManager: Mounting plugin SteamVR
LogPluginManager: Mounting plugin WindowsMoviePlayer
LogStreaming: Display: Took  0.102s to configure plugins.
LogInit: Using libcurl 7.55.1-DEV
LogInit:  - built for x86_64-pc-win32
LogInit:  - supports SSL with OpenSSL/1.0.2h
LogInit:  - supports HTTP deflate (compression) using libz 1.2.8
LogInit:  - other features:
LogInit:      CURL_VERSION_SSL
LogInit:      CURL_VERSION_LIBZ
LogInit:      CURL_VERSION_IPV6
LogInit:      CURL_VERSION_ASYNCHDNS
LogInit:      CURL_VERSION_LARGEFILE
LogInit:      CURL_VERSION_IDN
LogInit:  CurlRequestOptions (configurable via config and command line):
LogInit:  - bVerifyPeer = false  - Libcurl will NOT verify peer certificate
LogInit:  - bUseHttpProxy = false  - Libcurl will NOT use HTTP proxy
LogInit:  - bDontReuseConnections = false  - Libcurl will reuse connections
LogInit:  - CertBundlePath = nullptr  - Libcurl will use whatever was configured at build time.
LogInit:  - MaxHostConnections = 16  - Libcurl will limit the number of connections to a host
LogInit:  - LocalHostAddr = Default
LogInit:  - BufferSize = 65536
LogInit: WinSock: version 1.1 (2.2), MaxSocks=32767, MaxUdp=65467
LogInit: Build: ++UE4+Release-4.20-CL-4369336
LogInit: Engine Version: 4.20.3-4369336+++UE4+Release-4.20
LogInit: Compatible Engine Version: 4.20.0-4212847+++UE4+Release-4.20
LogInit: Net CL: 4212847
LogInit: OS: Windows 10 (), CPU: Intel(R) Core(TM) i7-8809G CPU @ 3.10GHz, GPU: Radeon RX Vega M GH Graphics
LogInit: Compiled (64-bit): Sep 17 2018 12:26:19
LogInit: Compiled with Visual C++: 19.13.26129.00
LogInit: Build Configuration: Development
LogInit: Branch Name: ++UE4+Release-4.20
LogInit: Command Line: -EpicPortal  -epicusername="milu0813" -epicuserid=34ecfc520ce24d5eaf133adb3b9e97d5 -epiclocale=en-US
LogInit: Base Directory: C:/Program Files/Epic Games/UE_4.20/Engine/Binaries/Win64/
LogInit: Installed Engine Build: 1
LogDevObjectVersion: Number of dev versions registered: 20
LogDevObjectVersion:   Dev-Blueprints (B0D832E4-1F89-4F0D-ACCF-7EB736FD4AA2): 10
LogDevObjectVersion:   Dev-Build (E1C64328-A22C-4D53-A36C-8E866417BD8C): 0
LogDevObjectVersion:   Dev-Core (375EC13C-06E4-48FB-B500-84F0262A717E): 2
LogDevObjectVersion:   Dev-Editor (E4B068ED-F494-42E9-A231-DA0B2E46BB41): 24
LogDevObjectVersion:   Dev-Framework (CFFC743F-43B0-4480-9391-14DF171D2073): 34
LogDevObjectVersion:   Dev-Mobile (B02B49B5-BB20-44E9-A304-32B752E40360): 2
LogDevObjectVersion:   Dev-Networking (A4E4105C-59A1-49B5-A7C5-40C4547EDFEE): 0
LogDevObjectVersion:   Dev-Online (39C831C9-5AE6-47DC-9A44-9C173E1C8E7C): 0
LogDevObjectVersion:   Dev-Physics (78F01B33-EBEA-4F98-B9B4-84EACCB95AA2): 0
LogDevObjectVersion:   Dev-Platform (6631380F-2D4D-43E0-8009-CF276956A95A): 0
LogDevObjectVersion:   Dev-Rendering (12F88B9F-8875-4AFC-A67C-D90C383ABD29): 26
LogDevObjectVersion:   Dev-Sequencer (7B5AE74C-D270-4C10-A958-57980B212A5A): 9
LogDevObjectVersion:   Dev-VR (D7296918-1DD6-4BDD-9DE2-64A83CC13884): 2
LogDevObjectVersion:   Dev-LoadTimes (C2A15278-BFE7-4AFE-6C17-90FF531DF755): 1
LogDevObjectVersion:   Private-Geometry (6EACA3D4-40EC-4CC1-B786-8BED09428FC5): 3
LogDevObjectVersion:   Dev-AnimPhys (29E575DD-E0A3-4627-9D10-D276232CDCEA): 17
LogDevObjectVersion:   Dev-ReflectionCapture (6B266CEC-1EC7-4B8F-A30B-E4D90942FC07): 1
LogDevObjectVersion:   Dev-Automation (0DF73D61-A23F-47EA-B727-89E90C41499A): 1
LogDevObjectVersion:   FortniteMain (601D1886-AC64-4F84-AA16-D3DE0DEAC7D6): 12
LogDevObjectVersion:   Dev-Enterprise (9DFFBCD6-494F-0158-E221-12823C92A888): 1
LogStreaming: Display: Took  0.000s to delete old logs.
LogInit: Presizing for max 8388607 objects, including 0 objects not considered by GC, pre-allocating 0 bytes for permanent pool.
LogInit: Object subsystem initialized
[2019.01.09-21.18.41:586][  0]LogInit: Selected Device Profile: [Windows]
[2019.01.09-21.18.41:586][  0]LogInit: Applying CVar settings loaded from the selected device profile: [Windows]
[2019.01.09-21.18.41:597][  0]LogHAL: Display: Platform has ~ 16 GB [17094557696 / 17179869184 / 16], which maps to Larger [LargestMinGB=32, LargerMinGB=12, DefaultMinGB=8, SmallerMinGB=6, SmallestMinGB=0)
[2019.01.09-21.18.41:597][  0]LogInit: Setting Device Profile CVar: [[r.Vulkan.UseRealUBs:1]]
[2019.01.09-21.18.41:597][  0]LogInit: Going up to parent DeviceProfile []
[2019.01.09-21.18.41:597][  0]LogInit: Computer: eae-n-015
[2019.01.09-21.18.41:597][  0]LogInit: User: u1163227
[2019.01.09-21.18.41:597][  0]LogInit: CPU Page size=4096, Cores=4
[2019.01.09-21.18.41:597][  0]LogInit: High frequency timer resolution =3.023439 MHz
[2019.01.09-21.18.41:597][  0]LogMemory: Memory total: Physical=15.9GB (16GB approx)
[2019.01.09-21.18.41:597][  0]LogMemory: Platform Memory Stats for Windows
[2019.01.09-21.18.41:597][  0]LogMemory: Process Physical Memory: 100.67 MB used, 100.67 MB peak
[2019.01.09-21.18.41:597][  0]LogMemory: Process Virtual Memory: 89.43 MB used, 89.43 MB peak
[2019.01.09-21.18.41:597][  0]LogMemory: Physical Memory: 7917.25 MB used,  8385.39 MB free, 16302.64 MB total
[2019.01.09-21.18.41:597][  0]LogMemory: Virtual Memory: 4639.15 MB used,  8385.39 MB free, 134217728.00 MB total
[2019.01.09-21.18.41:616][  0]LogInit: Using OS detected language (en-US).
[2019.01.09-21.18.41:616][  0]LogInit: Using OS detected locale (en-US).
[2019.01.09-21.18.41:617][  0]LogTextLocalizationManager: No specific localization for 'en-US' exists, so the 'en' localization will be used.
[2019.01.09-21.18.41:939][  0]LogStreaming: Display: Took  0.322s to InitEngineTextLocalization.
[2019.01.09-21.18.41:939][  0]LogInit: Setting process to per monitor DPI aware
[2019.01.09-21.18.41:977][  0]LogSlate: New Slate User Created.  User Index 0, Is Virtual User: 0
[2019.01.09-21.18.41:977][  0]LogSlate: Slate User Registered.  User Index 0, Is Virtual User: 0
[2019.01.09-21.18.42:171][  0]LogHMD: Failed to initialize OpenVR with code 110
[2019.01.09-21.18.42:171][  0]LogD3D11RHI: D3D11 adapters:
[2019.01.09-21.18.42:207][  0]LogD3D11RHI:    0. 'Radeon RX Vega M GH Graphics' (Feature Level 11_0)
[2019.01.09-21.18.42:207][  0]LogD3D11RHI:       4042/0/8151 MB DedicatedVideo/DedicatedSystem/SharedSystem, Outputs:1, VendorId:0x1002
[2019.01.09-21.18.42:216][  0]LogD3D11RHI:    1. 'Intel(R) HD Graphics 630' (Feature Level 11_0)
[2019.01.09-21.18.42:216][  0]LogD3D11RHI:       128/0/8151 MB DedicatedVideo/DedicatedSystem/SharedSystem, Outputs:0, VendorId:0x8086
[2019.01.09-21.18.42:218][  0]LogD3D11RHI:    2. 'Microsoft Basic Render Driver' (Feature Level 11_0)
[2019.01.09-21.18.42:218][  0]LogD3D11RHI:       0/0/8151 MB DedicatedVideo/DedicatedSystem/SharedSystem, Outputs:0, VendorId:0x1414
[2019.01.09-21.18.42:218][  0]LogD3D11RHI: Chosen D3D11 Adapter: 0
[2019.01.09-21.18.42:228][  0]LogD3D11RHI: Creating new Direct3DDevice
[2019.01.09-21.18.42:228][  0]LogD3D11RHI:     GPU DeviceId: 0x694c (for the marketing name, search the web for "GPU Device Id")
[2019.01.09-21.18.42:228][  0]LogWindows: EnumDisplayDevices:
[2019.01.09-21.18.42:228][  0]LogWindows:    0. 'Radeon RX Vega M GH Graphics' (P:1 D:1)
[2019.01.09-21.18.42:228][  0]LogWindows:    1. 'Radeon RX Vega M GH Graphics' (P:0 D:0)
[2019.01.09-21.18.42:228][  0]LogWindows:    2. 'Radeon RX Vega M GH Graphics' (P:0 D:0)
[2019.01.09-21.18.42:229][  0]LogWindows:    3. 'Radeon RX Vega M GH Graphics' (P:0 D:0)
[2019.01.09-21.18.42:229][  0]LogWindows:    4. 'Radeon RX Vega M GH Graphics' (P:0 D:0)
[2019.01.09-21.18.42:229][  0]LogWindows:    5. 'Radeon RX Vega M GH Graphics' (P:0 D:0)
[2019.01.09-21.18.42:229][  0]LogWindows:    6. 'Radeon RX Vega M GH Graphics' (P:0 D:0)
[2019.01.09-21.18.42:230][  0]LogWindows:    7. 'Intel(R) HD Graphics 630' (P:0 D:0)
[2019.01.09-21.18.42:230][  0]LogWindows:    8. 'Intel(R) HD Graphics 630' (P:0 D:0)
[2019.01.09-21.18.42:230][  0]LogWindows: DebugString: PrimaryIsNotTheChoosenAdapter PrimaryIsNotTheChoosenAdapter FoundDriverCount:7 
[2019.01.09-21.18.42:230][  0]LogD3D11RHI:     Adapter Name: Radeon RX Vega M GH Graphics
[2019.01.09-21.18.42:230][  0]LogD3D11RHI:   Driver Version: Adrenalin 18.9.1 (internal:24.20.11026.2001, unified:24.20.11026.2001)
[2019.01.09-21.18.42:230][  0]LogD3D11RHI:      Driver Date: 8-30-2018
[2019.01.09-21.18.42:230][  0]LogRHI: Texture pool is 2829 MB (70% of 4042 MB)
[2019.01.09-21.18.42:293][  0]LogD3D11RHI: Async texture creation enabled
[2019.01.09-21.18.42:305][  0]LogD3D11RHI: GPU Timing Frequency: 25.000000 (Debug: 2 1)
[2019.01.09-21.18.42:307][  0]LogShaderCompilers: Guid format shader working directory is -34 characters bigger than the processId version (../../../../../../Users/u1163227/Documents/GitHub/LG_AssetPipeline/LG_AssetPipeline/Intermediate/Shaders/WorkingDirectory/4104/).
[2019.01.09-21.18.42:307][  0]LogShaderCompilers: Cleaned the shader compiler working directory 'C:/Users/u1163227/AppData/Local/Temp/UnrealShaderWorkingDir/A262A8854236A9262079C3B25E2B1C48/'.
[2019.01.09-21.18.42:563][  0]LogTemp: Display: Loaded TP AllDesktopTargetPlatform
[2019.01.09-21.18.42:575][  0]LogTemp: Display: Loaded TP MacClientTargetPlatform
[2019.01.09-21.18.42:586][  0]LogTemp: Display: Loaded TP MacNoEditorTargetPlatform
[2019.01.09-21.18.42:598][  0]LogTemp: Display: Loaded TP MacServerTargetPlatform
[2019.01.09-21.18.42:609][  0]LogTemp: Display: Loaded TP MacTargetPlatform
[2019.01.09-21.18.42:621][  0]LogTemp: Display: Loaded TP WindowsClientTargetPlatform
[2019.01.09-21.18.42:632][  0]LogTemp: Display: Loaded TP WindowsNoEditorTargetPlatform
[2019.01.09-21.18.42:643][  0]LogTemp: Display: Loaded TP WindowsServerTargetPlatform
[2019.01.09-21.18.42:649][  0]LogTemp: Display: Loaded TP WindowsTargetPlatform
[2019.01.09-21.18.42:713][  0]LogTemp: Display: Loaded TP AndroidTargetPlatform
[2019.01.09-21.18.42:713][  0]LogTemp: Display: Loaded TP AndroidTargetPlatform
[2019.01.09-21.18.42:713][  0]LogTemp: Display: Loaded TP AndroidTargetPlatform
[2019.01.09-21.18.42:713][  0]LogTemp: Display: Loaded TP AndroidTargetPlatform
[2019.01.09-21.18.42:713][  0]LogTemp: Display: Loaded TP AndroidTargetPlatform
[2019.01.09-21.18.42:713][  0]LogTemp: Display: Loaded TP AndroidTargetPlatform
[2019.01.09-21.18.42:713][  0]LogTemp: Display: Loaded TP AndroidTargetPlatform
[2019.01.09-21.18.42:713][  0]LogTemp: Display: Loaded TP AndroidTargetPlatform
[2019.01.09-21.18.42:713][  0]LogTemp: Display: Loaded TP AndroidTargetPlatform
[2019.01.09-21.18.42:713][  0]LogTemp: Display: Loaded TP AndroidTargetPlatform
[2019.01.09-21.18.42:713][  0]LogTemp: Display: Loaded TP AndroidTargetPlatform
[2019.01.09-21.18.42:713][  0]LogTemp: Display: Loaded TP AndroidTargetPlatform
[2019.01.09-21.18.42:713][  0]LogTemp: Display: Loaded TP AndroidTargetPlatform
[2019.01.09-21.18.42:713][  0]LogTemp: Display: Loaded TP AndroidTargetPlatform
[2019.01.09-21.18.42:713][  0]LogTemp: Display: Loaded TP AndroidTargetPlatform
[2019.01.09-21.18.42:713][  0]LogTemp: Display: Loaded TP AndroidTargetPlatform
[2019.01.09-21.18.42:713][  0]LogTemp: Display: Loaded TP AndroidTargetPlatform
[2019.01.09-21.18.42:713][  0]LogTemp: Display: Loaded TP AndroidTargetPlatform
[2019.01.09-21.18.42:715][  0]LogTemp: Display: Loaded TP HTML5TargetPlatform
[2019.01.09-21.18.42:770][  0]LogTemp: Display: Loaded TP IOSTargetPlatform
[2019.01.09-21.18.42:770][  0]LogTemp: Display: Loaded TP IOSTargetPlatform
[2019.01.09-21.18.42:790][  0]LogTemp: Display: Loaded TP TVOSTargetPlatform
[2019.01.09-21.18.42:790][  0]LogTemp: Display: Loaded TP TVOSTargetPlatform
[2019.01.09-21.18.42:800][  0]LogTemp: Display: Loaded TP LinuxClientTargetPlatform
[2019.01.09-21.18.42:810][  0]LogTemp: Display: Loaded TP LinuxNoEditorTargetPlatform
[2019.01.09-21.18.42:821][  0]LogTemp: Display: Loaded TP LinuxServerTargetPlatform
[2019.01.09-21.18.42:832][  0]LogTemp: Display: Loaded TP LinuxTargetPlatform
[2019.01.09-21.18.42:839][  0]LogTemp: Display: Loaded TP LuminTargetPlatform
[2019.01.09-21.18.42:839][  0]LogTargetPlatformManager: Display: Building Assets For Windows
[2019.01.09-21.18.42:895][  0]LogXGEController: Cannot use XGE Controller as Incredibuild is not installed on this machine.
[2019.01.09-21.18.42:895][  0]LogShaderCompilers: Cannot use XGE Shader Compiler as Incredibuild is not installed on this machine.
[2019.01.09-21.18.42:895][  0]LogShaderCompilers: Display: Using Local Shader Compiler.
[2019.01.09-21.18.43:561][  0]LogDerivedDataCache: Display: Max Cache Size: 512 MB
[2019.01.09-21.18.43:629][  0]LogDerivedDataCache: Loaded boot cache 0.07s 87MB C:/Users/u1163227/AppData/Local/UnrealEngine/4.20/DerivedDataCache/Boot.ddc.
[2019.01.09-21.18.43:629][  0]LogDerivedDataCache: Display: Loaded Boot cache: C:/Users/u1163227/AppData/Local/UnrealEngine/4.20/DerivedDataCache/Boot.ddc
[2019.01.09-21.18.43:629][  0]LogDerivedDataCache: FDerivedDataBackendGraph:  Pak pak cache file ../../../../../../Users/u1163227/Documents/GitHub/LG_AssetPipeline/LG_AssetPipeline/DerivedDataCache/DDC.ddp not found, will not use a pak cache.
[2019.01.09-21.18.43:629][  0]LogDerivedDataCache: Unable to find inner node Pak for hierarchical cache Hierarchy.
[2019.01.09-21.18.43:629][  0]LogDerivedDataCache: FDerivedDataBackendGraph:  CompressedPak pak cache file ../../../../../../Users/u1163227/Documents/GitHub/LG_AssetPipeline/LG_AssetPipeline/DerivedDataCache/Compressed.ddp not found, will not use a pak cache.
[2019.01.09-21.18.43:629][  0]LogDerivedDataCache: Unable to find inner node CompressedPak for hierarchical cache Hierarchy.
[2019.01.09-21.18.43:640][  0]LogDerivedDataCache: Display: Pak cache opened for reading ../../../Engine/DerivedDataCache/Compressed.ddp.
[2019.01.09-21.18.43:653][  0]LogDerivedDataCache: Using Local data cache path C:/Users/u1163227/AppData/Local/UnrealEngine/Common/DerivedDataCache: Writable
[2019.01.09-21.18.43:653][  0]LogDerivedDataCache: Shared data cache path not found in *engine.ini, will not use an Shared cache.
[2019.01.09-21.18.43:653][  0]LogDerivedDataCache: Unable to find inner node Shared for hierarchical cache Hierarchy.
[2019.01.09-21.18.43:670][  0]LogMaterial: Verifying Global Shaders for PCD3D_SM5
[2019.01.09-21.18.43:671][  0]LogSlate: Using FreeType 2.6.0
[2019.01.09-21.18.43:672][  0]LogSlate: SlateFontServices - WITH_FREETYPE: 1, WITH_HARFBUZZ: 1
[2019.01.09-21.18.43:740][  0]LogAssetRegistry: FAssetRegistry took 0.0254 seconds to start up
[2019.01.09-21.18.44:042][  0]LogInit: Selected Device Profile: [Windows]
[2019.01.09-21.18.44:166][  0]LogSimplygon: Simplygon DLL not present - disabling.
[2019.01.09-21.18.44:169][  0]LogMeshReduction: Using SimplygonSwarm for distributed automatic mesh merging
[2019.01.09-21.18.44:169][  0]LogMeshReduction: Using ProxyLODMeshReduction for automatic mesh merging
[2019.01.09-21.18.44:169][  0]LogMeshReduction: Using QuadricMeshReduction for automatic static mesh reduction
[2019.01.09-21.18.44:169][  0]LogMeshReduction: No automatic skeletal mesh reduction module available
[2019.01.09-21.18.44:181][  0]LogNetVersion: LG_AssetPipeline 1.0.0, NetCL: 4212847, EngineNetVer: 5, GameNetVer: 0 (Checksum: 3040970188)
[2019.01.09-21.18.44:676][  0]LogPackageLocalizationCache: Processed 11 localized package path(s) for 2 prioritized culture(s) in 0.110197 seconds
[2019.01.09-21.18.44:682][  0]LogUObjectArray: 38425 objects as part of root set at end of initial load.
[2019.01.09-21.18.44:682][  0]LogUObjectAllocator: 6690864 out of 0 bytes used by permanent object pool.
[2019.01.09-21.18.44:682][  0]LogUObjectArray: CloseDisregardForGC: 0/0 objects in disregard for GC pool
[2019.01.09-21.18.45:483][  0]LogTcpMessaging: Initializing TcpMessaging bridge
[2019.01.09-21.18.45:509][  0]LogUdpMessaging: Initializing bridge on interface 0.0.0.0:0 to multicast group 230.0.0.1:6666.
[2019.01.09-21.18.45:639][  0]SourceControl: Source control is disabled
[2019.01.09-21.18.45:639][  0]SourceControl: Source control is disabled
[2019.01.09-21.18.45:641][  0]SourceControl: Source control is disabled
[2019.01.09-21.18.45:641][  0]SourceControl: Source control is disabled
[2019.01.09-21.18.45:794][  0]LogAndroidPermission: UAndroidPermissionCallbackProxy::GetInstance
[2019.01.09-21.18.45:868][  0]LogOcInput: OculusInput pre-init called
[2019.01.09-21.18.45:924][  0]LogEngine: Initializing Engine...
[2019.01.09-21.18.45:925][  0]LogHMD: Failed to initialize OpenVR with code 110
[2019.01.09-21.18.45:926][  0]LogStats: UGameplayTagsManager::ConstructGameplayTagTree: ImportINI prefixes -  0.000 s
[2019.01.09-21.18.45:926][  0]LogStats: UGameplayTagsManager::ConstructGameplayTagTree: Construct from data asset -  0.000 s
[2019.01.09-21.18.45:926][  0]LogStats: UGameplayTagsManager::ConstructGameplayTagTree: ImportINI -  0.000 s
[2019.01.09-21.18.45:926][  0]LogStats: UGameplayTagsManager::ConstructGameplayTagTree: GameplayTagTreeChangedEvent.Broadcast -  0.000 s
[2019.01.09-21.18.46:114][  0]LogInit: Initializing FReadOnlyCVARCache
[2019.01.09-21.18.46:129][  0]LogAIModule: Creating AISystem for world Untitled
[2019.01.09-21.18.46:155][  0]LogInit: XAudio2 using '1 - CintiqPro24P (AMD High Definition Audio Device)' : 2 channels at 48 kHz using 16 bits per sample (channel mask 0x3)
[2019.01.09-21.18.46:181][  0]LogInit: FAudioDevice initialized.
[2019.01.09-21.18.46:182][  0]LogNetVersion: Set ProjectVersion to 1.0.0.0. Version Checksum will be recalculated on next use.
[2019.01.09-21.18.46:273][  0]LogDerivedDataCache: Saved boot cache 0.09s 87MB C:/Users/u1163227/AppData/Local/UnrealEngine/4.20/DerivedDataCache/Boot.ddc.
[2019.01.09-21.18.46:350][  0]LogInit: Texture streaming: Enabled
[2019.01.09-21.18.46:368][  0]LogEngineSessionManager: EngineSessionManager initialized
[2019.01.09-21.18.46:386][  0]LogInit: Transaction tracking system initialized
[2019.01.09-21.18.46:408][  0]BlueprintLog: New page: Editor Load
[2019.01.09-21.18.46:536][  0]LocalizationService: Localization service is disabled
[2019.01.09-21.18.46:788][  0]LogFileCache: Scanning file cache for directory 'C:/Users/u1163227/Documents/GitHub/LG_AssetPipeline/LG_AssetPipeline/Content/' took 0.01s
[2019.01.09-21.18.46:788][  0]LogCook: Display: Max memory allowance for cook 16384mb min free memory 0mb
[2019.01.09-21.18.46:788][  0]LogCook: Display: Mobile HDR setting 1
[2019.01.09-21.18.46:788][  0]LogGameplayTags: Display: UGameplayTagsManager::DoneAddingNativeTags. DelegateIsBound: 0
[2019.01.09-21.18.46:788][  0]LogStats: UGameplayTagsManager::ConstructGameplayTagTree: ImportINI prefixes -  0.000 s
[2019.01.09-21.18.46:788][  0]LogStats: UGameplayTagsManager::ConstructGameplayTagTree: Construct from data asset -  0.000 s
[2019.01.09-21.18.46:788][  0]LogStats: UGameplayTagsManager::ConstructGameplayTagTree: ImportINI -  0.000 s
[2019.01.09-21.18.46:788][  0]LogStats: UGameplayTagsManager::ConstructGameplayTagTree: GameplayTagTreeChangedEvent.Broadcast -  0.000 s
[2019.01.09-21.18.46:916][  0]SourceControl: Source control is disabled
[2019.01.09-21.18.46:916][  0]Cmd: MAP LOAD FILE="../../../Engine/Content/Maps/Templates/Template_Default.umap" TEMPLATE=1 SHOWPROGRESS=1 FEATURELEVEL=3
[2019.01.09-21.18.46:917][  0]LightingResults: New page: Lighting Build
[2019.01.09-21.18.46:919][  0]MapCheck: New page: Map Check
[2019.01.09-21.18.46:919][  0]LightingResults: New page: Lighting Build
[2019.01.09-21.18.47:109][  0]LogAIModule: Creating AISystem for world Untitled_1
[2019.01.09-21.18.47:117][  0]LogEditorServer: Finished looking for orphan Actors (0.000 secs)
[2019.01.09-21.18.47:137][  0]Cmd: MAP CHECKDEP NOCLEARLOG
[2019.01.09-21.18.47:194][  0]MapCheck: Map check complete: 0 Error(s), 0 Warning(s), took 56.797ms to complete.
[2019.01.09-21.18.47:194][  0]LogFileHelpers: Loading map 'Template_Default' took 0.277
[2019.01.09-21.18.47:329][  0]LogSlate: Updating window title bar state: overlay mode, drag disabled, window buttons hidden, title bar hidden
[2019.01.09-21.18.47:340][  0]LogSlate: Updating window title bar state: overlay mode, drag disabled, window buttons hidden, title bar hidden
[2019.01.09-21.18.47:350][  0]LogSlate: Updating window title bar state: overlay mode, drag disabled, window buttons hidden, title bar hidden
[2019.01.09-21.18.47:360][  0]LogSlate: Updating window title bar state: overlay mode, drag disabled, window buttons hidden, title bar hidden
[2019.01.09-21.18.47:378][  0]LogCollectionManager: Loaded 0 collections in 0.002325 seconds
[2019.01.09-21.18.47:438][  0]LogFileCache: Scanning file cache for directory 'C:/Users/u1163227/Documents/GitHub/LG_AssetPipeline/LG_AssetPipeline/Saved/Collections/' took 0.01s
[2019.01.09-21.18.47:438][  0]LogFileCache: Scanning file cache for directory 'C:/Users/u1163227/Documents/GitHub/LG_AssetPipeline/LG_AssetPipeline/Content/Developers/u1163227/Collections/' took 0.01s
[2019.01.09-21.18.47:438][  0]LogFileCache: Scanning file cache for directory 'C:/Users/u1163227/Documents/GitHub/LG_AssetPipeline/LG_AssetPipeline/Content/Collections/' took 0.01s
[2019.01.09-21.18.47:438][  0]LogCollectionManager: Rebuilt the GUID cache for 0 collections in 0.000000 seconds
[2019.01.09-21.18.47:453][  0]LogContentBrowser: Native class hierarchy populated in 0.0124 seconds. Added 2572 classes and 603 folders.
[2019.01.09-21.18.47:470][  0]LogContentBrowser: Native class hierarchy updated for 'WidgetCarousel' in 0.0003 seconds. Added 0 classes and 0 folders.
[2019.01.09-21.18.47:916][  0]LogContentBrowser: Native class hierarchy updated for 'AddContentDialog' in 0.0002 seconds. Added 0 classes and 0 folders.
[2019.01.09-21.18.47:931][  0]LogContentBrowser: Native class hierarchy updated for 'SceneOutliner' in 0.0002 seconds. Added 1 classes and 2 folders.
[2019.01.09-21.18.47:986][  0]LogSlate: Took 0.000176 seconds to synchronously load lazily loaded font '../../../Engine/Content/Slate/Fonts/Roboto-Regular.ttf' (155K)
[2019.01.09-21.18.47:989][  0]LogSlate: Took 0.000205 seconds to synchronously load lazily loaded font '../../../Engine/Content/Slate/Fonts/Roboto-Bold.ttf' (160K)
[2019.01.09-21.18.48:002][  0]LogSlate: Took 0.006285 seconds to synchronously load lazily loaded font '../../../Engine/Content/Editor/Slate/Fonts/FontAwesome.ttf' (139K)
[2019.01.09-21.18.48:119][  0]LogRenderer: Reallocating scene render targets to support 1208x576 Format 10 NumSamples 1 (Frame:1).
[2019.01.09-21.18.48:365][  0]LogSlate: FSceneViewport::OnFocusLost() reason 2
[2019.01.09-21.18.48:379][  0]LogSlate: Window 'Tutorials' being destroyed
[2019.01.09-21.18.48:410][  0]LogContentBrowser: Native class hierarchy updated for 'HierarchicalLODOutliner' in 0.0003 seconds. Added 0 classes and 0 folders.
[2019.01.09-21.18.48:410][  0]LogLoad: (Engine Initialization) Total time: 8.81 seconds
[2019.01.09-21.18.48:410][  0]LogLoad: (Engine Initialization) Total Blueprint compile time: 0.00 seconds
[2019.01.09-21.18.48:420][  0]LogWindowsTextInputMethodSystem: Display: IME system now deactivated.
[2019.01.09-21.18.48:445][  0]LogAssetRegistry: Asset discovery search completed in 4.7268 seconds
[2019.01.09-21.18.48:446][  0]LogCollectionManager: Rebuilt the object cache for 0 collections in 0.000000 seconds (found 0 objects)
[2019.01.09-21.18.48:446][  0]LogCollectionManager: Fixed up redirectors for 0 collections in 0.000036 seconds (updated 0 objects)
[2019.01.09-21.18.48:448][  0]LogContentStreaming: Texture pool size now 1000 MB
[2019.01.09-21.18.56:344][932]LogEditorViewport: Clicking on Actor (context menu): StaticMeshActor (Floor)
[2019.01.09-21.18.56:509][932]LogSlate: FSceneViewport::OnFocusLost() reason 2
[2019.01.09-21.18.58:598][166]LogEditorViewport: Clicking on Actor (LMB): BP_Sky_Sphere_C (Sky Sphere)
[2019.01.09-21.18.59:803][305]LogEditorViewport: Clicking on Actor (LMB): StaticMeshActor (Floor)
[2019.01.09-21.19.01:695][518]LogSlate: FSceneViewport::OnFocusLost() reason 0
[2019.01.09-21.19.07:586][216]LogSlate: FSceneViewport::OnFocusLost() reason 0
[2019.01.09-21.19.08:733][350]LogEditorViewport: Clicking on Actor (LMB): StaticMeshActor (Floor)
[2019.01.09-21.19.09:413][427]LogSlate: FSceneViewport::OnFocusLost() reason 0
[2019.01.09-21.19.09:539][440]LogActorFactory: Actor Factory created Cone
[2019.01.09-21.19.10:302][527]LogActorFactory: Actor Factory created Cone
[2019.01.09-21.19.22:098][899]LogSlate: FSceneViewport::OnFocusLost() reason 0
[2019.01.09-21.19.23:122][ 16]LogActorFactory: Actor Factory created Cylinder
[2019.01.09-21.19.24:232][142]LogActorFactory: Actor Factory created Cylinder
[2019.01.09-21.19.30:663][896]LogEditorViewport: Clicking on Actor (LMB): StaticMeshActor (Cone)
[2019.01.09-21.19.35:784][496]LogEditorViewport: Clicking on Actor (LMB): StaticMeshActor (Cone)
[2019.01.09-21.19.37:165][657]LogEditorViewport: Clicking on Actor (context menu): BP_Sky_Sphere_C (Sky Sphere)
[2019.01.09-21.19.37:208][657]LogSlate: FSceneViewport::OnFocusLost() reason 2
[2019.01.09-21.19.41:389][147]LogSlate: Took 0.000212 seconds to synchronously load lazily loaded font '../../../Engine/Content/Slate/Fonts/Roboto-Light.ttf' (167K)
[2019.01.09-21.20.14:736][147]LogSlate: Window 'Save Level As' being destroyed
[2019.01.09-21.20.14:823][147]Cmd: OBJ SAVEPACKAGE PACKAGE="/Game/Jan9" FILE="../../../../../../Users/u1163227/Documents/GitHub/LG_AssetPipeline/LG_AssetPipeline/Content/Jan9.umap" SILENT=true AUTOSAVING=false KEEPDIRTY=false
[2019.01.09-21.20.14:869][147]LogSavePackage: Moving '../../../../../../Users/u1163227/Documents/GitHub/LG_AssetPipeline/LG_AssetPipeline/Saved/Jan97F67DA374025DAE742959AB5DE6CCC61.tmp' to '../../../../../../Users/u1163227/Documents/GitHub/LG_AssetPipeline/LG_AssetPipeline/Content/Jan9.umap'
[2019.01.09-21.20.14:896][147]LogFileHelpers: Saving map 'Jan9' took 0.153
[2019.01.09-21.25.26:406][237]LogD3D11RHI: Timed out while waiting for GPU to catch up. (0.5 s)
[2019.01.09-21.25.27:416][240]LogD3D11RHI: Timed out while waiting for GPU to catch up. (0.5 s)
[2019.01.09-21.25.28:419][241]LogD3D11RHI: Timed out while waiting for GPU to catch up. (0.5 s)
[2019.01.09-21.25.43:811][515]Cmd: OBJ SAVEPACKAGE PACKAGE="/Game/Jan9" FILE="../../../../../../Users/u1163227/Documents/GitHub/LG_AssetPipeline/LG_AssetPipeline/Content/Jan9.umap" SILENT=true AUTOSAVING=false KEEPDIRTY=false
[2019.01.09-21.25.43:876][515]LogSavePackage: Moving '../../../../../../Users/u1163227/Documents/GitHub/LG_AssetPipeline/LG_AssetPipeline/Saved/Jan97A791EE54B8B077F5F67B8A77A9269D0.tmp' to '../../../../../../Users/u1163227/Documents/GitHub/LG_AssetPipeline/LG_AssetPipeline/Content/Jan9.umap'
[2019.01.09-21.25.43:887][515]Cmd: OBJ SAVEPACKAGE PACKAGE="/Game/Jan9_BuiltData" FILE="../../../../../../Users/u1163227/Documents/GitHub/LG_AssetPipeline/LG_AssetPipeline/Content/Jan9_BuiltData.uasset" SILENT=true
[2019.01.09-21.25.43:909][515]LogSavePackage: Moving '../../../../../../Users/u1163227/Documents/GitHub/LG_AssetPipeline/LG_AssetPipeline/Saved/Jan9_BuiltDataFBA13FD14F97A71467331BB71B3C78BF.tmp' to '../../../../../../Users/u1163227/Documents/GitHub/LG_AssetPipeline/LG_AssetPipeline/Content/Jan9_BuiltData.uasset'
[2019.01.09-21.25.58:046][888]LogD3D11RHI: Timed out while waiting for GPU to catch up. (0.5 s)
[2019.01.09-21.25.58:547][889]LogD3D11RHI: Timed out while waiting for GPU to catch up. (0.5 s)
[2019.01.09-21.26.27:261][259]LogSlate: Window 'Save Level As' being destroyed
